2024/07/04 11:50:41 [emerg] 1#1: host not found in upstream "backend" in /etc/nginx/nginx.conf:10
2024/07/04 11:50:42 [emerg] 1#1: host not found in upstream "backend" in /etc/nginx/nginx.conf:10
2024/07/04 11:50:42 [emerg] 1#1: host not found in upstream "backend" in /etc/nginx/nginx.conf:10
2024/07/04 11:50:43 [emerg] 1#1: host not found in upstream "backend" in /etc/nginx/nginx.conf:10
2024/07/04 11:50:44 [emerg] 1#1: host not found in upstream "backend" in /etc/nginx/nginx.conf:10
2024/07/04 11:50:46 [emerg] 1#1: host not found in upstream "backend" in /etc/nginx/nginx.conf:10
2024/07/04 11:50:49 [emerg] 1#1: host not found in upstream "backend" in /etc/nginx/nginx.conf:10
2024/07/04 11:50:56 [emerg] 1#1: host not found in upstream "backend" in /etc/nginx/nginx.conf:10
2024/07/04 12:21:25 [error] 30#30: *1 rewrite or internal redirection cycle while internally redirecting to "/index.html", client: 192.168.65.1, server: , request: "GET / HTTP/1.1", host: "localhost:3000"
2024/07/04 12:21:26 [error] 30#30: *2 rewrite or internal redirection cycle while internally redirecting to "/index.html", client: 192.168.65.1, server: , request: "GET /favicon.ico HTTP/1.1", host: "localhost:3000", referrer: "http://localhost:3000/"
2024/07/04 12:25:09 [error] 30#30: *3 rewrite or internal redirection cycle while internally redirecting to "/index.html", client: 192.168.65.1, server: , request: "GET / HTTP/1.1", host: "localhost:3000"
2024/07/04 12:25:09 [error] 30#30: *4 rewrite or internal redirection cycle while internally redirecting to "/index.html", client: 192.168.65.1, server: , request: "GET /favicon.ico HTTP/1.1", host: "localhost:3000", referrer: "http://localhost:3000/"
2024/07/04 12:45:17 [error] 24#24: *1 rewrite or internal redirection cycle while internally redirecting to "/index.html", client: 192.168.65.1, server: , request: "GET / HTTP/1.1", host: "localhost:3000"
2024/07/04 12:45:18 [error] 24#24: *2 rewrite or internal redirection cycle while internally redirecting to "/index.html", client: 192.168.65.1, server: , request: "GET /favicon.ico HTTP/1.1", host: "localhost:3000", referrer: "http://localhost:3000/"
2024/07/04 12:45:21 [error] 24#24: *3 rewrite or internal redirection cycle while internally redirecting to "/index.html", client: 192.168.65.1, server: , request: "GET / HTTP/1.1", host: "localhost:3000"
2024/07/04 12:45:22 [error] 24#24: *4 rewrite or internal redirection cycle while internally redirecting to "/index.html", client: 192.168.65.1, server: , request: "GET /favicon.ico HTTP/1.1", host: "localhost:3000", referrer: "http://localhost:3000/"
2024/07/04 12:46:38 [emerg] 1#1: host not found in upstream "backend" in /etc/nginx/nginx.conf:10
2024/07/04 12:46:39 [emerg] 1#1: host not found in upstream "backend" in /etc/nginx/nginx.conf:10
2024/07/04 12:46:39 [emerg] 1#1: host not found in upstream "backend" in /etc/nginx/nginx.conf:10
2024/07/04 12:46:40 [emerg] 1#1: host not found in upstream "backend" in /etc/nginx/nginx.conf:10
2024/07/04 12:55:45 [error] 30#30: *1 rewrite or internal redirection cycle while internally redirecting to "/index.html", client: 192.168.65.1, server: , request: "GET / HTTP/1.1", host: "localhost:3000"
2024/07/04 12:55:47 [error] 30#30: *2 rewrite or internal redirection cycle while internally redirecting to "/index.html", client: 192.168.65.1, server: , request: "GET /favicon.ico HTTP/1.1", host: "localhost:3000", referrer: "http://localhost:3000/"
2024/07/04 12:58:24 [emerg] 1#1: directive "daemon" is not terminated by ";" in /etc/nginx/nginx.conf:2
2024/07/04 12:58:25 [emerg] 1#1: directive "daemon" is not terminated by ";" in /etc/nginx/nginx.conf:2
2024/07/04 12:58:25 [emerg] 1#1: directive "daemon" is not terminated by ";" in /etc/nginx/nginx.conf:2
2024/07/04 12:58:26 [emerg] 1#1: directive "daemon" is not terminated by ";" in /etc/nginx/nginx.conf:2
2024/07/04 12:58:27 [emerg] 1#1: directive "daemon" is not terminated by ";" in /etc/nginx/nginx.conf:2
2024/07/04 12:58:28 [emerg] 1#1: directive "daemon" is not terminated by ";" in /etc/nginx/nginx.conf:2
2024/07/04 12:58:32 [emerg] 1#1: directive "daemon" is not terminated by ";" in /etc/nginx/nginx.conf:2
2024/07/04 12:58:38 [emerg] 1#1: directive "daemon" is not terminated by ";" in /etc/nginx/nginx.conf:2
2024/07/04 12:58:51 [emerg] 1#1: "daemon" directive is duplicate in /etc/nginx/nginx.conf:1
2024/07/04 12:58:59 [emerg] 1#1: "daemon" directive is duplicate in /etc/nginx/nginx.conf:1
2024/07/04 12:59:00 [emerg] 1#1: "daemon" directive is duplicate in /etc/nginx/nginx.conf:1
2024/07/04 12:59:00 [emerg] 1#1: "daemon" directive is duplicate in /etc/nginx/nginx.conf:1
2024/07/04 12:59:01 [emerg] 1#1: "daemon" directive is duplicate in /etc/nginx/nginx.conf:1
2024/07/04 12:59:01 [emerg] 1#1: "daemon" directive is duplicate in /etc/nginx/nginx.conf:1
2024/07/04 12:59:03 [emerg] 1#1: "daemon" directive is duplicate in /etc/nginx/nginx.conf:1
2024/07/04 12:59:07 [emerg] 1#1: "daemon" directive is duplicate in /etc/nginx/nginx.conf:1
2024/07/04 12:59:13 [emerg] 1#1: "daemon" directive is duplicate in /etc/nginx/nginx.conf:1
2024/07/04 12:59:26 [emerg] 1#1: "daemon" directive is duplicate in /etc/nginx/nginx.conf:1
2024/07/04 12:59:52 [emerg] 1#1: "daemon" directive is duplicate in /etc/nginx/nginx.conf:1
2024/07/04 13:00:35 [notice] 1#1: using the "epoll" event method
2024/07/04 13:00:35 [notice] 1#1: nginx/1.21.3
2024/07/04 13:00:35 [notice] 1#1: built by gcc 8.3.0 (Debian 8.3.0-6) 
2024/07/04 13:00:35 [notice] 1#1: OS: Linux 6.5.11-linuxkit
2024/07/04 13:00:35 [notice] 1#1: getrlimit(RLIMIT_NOFILE): 1048576:1048576
2024/07/04 13:00:35 [notice] 1#1: start worker processes
2024/07/04 13:00:35 [notice] 1#1: start worker process 31
2024/07/04 13:00:35 [notice] 1#1: start worker process 32
2024/07/04 13:00:35 [notice] 1#1: start worker process 33
2024/07/04 13:00:35 [notice] 1#1: start worker process 34
2024/07/04 13:00:35 [notice] 1#1: start worker process 35
2024/07/04 13:00:35 [notice] 1#1: start worker process 36
2024/07/04 13:00:35 [notice] 1#1: start worker process 37
2024/07/04 13:00:35 [notice] 1#1: start worker process 38
2024/07/04 13:04:55 [notice] 1#1: signal 3 (SIGQUIT) received, shutting down
2024/07/04 13:04:55 [notice] 33#33: gracefully shutting down
2024/07/04 13:04:55 [notice] 35#35: gracefully shutting down
2024/07/04 13:04:55 [notice] 33#33: exiting
2024/07/04 13:04:55 [notice] 32#32: gracefully shutting down
2024/07/04 13:04:55 [notice] 37#37: gracefully shutting down
2024/07/04 13:04:55 [notice] 36#36: gracefully shutting down
2024/07/04 13:04:55 [notice] 31#31: gracefully shutting down
2024/07/04 13:04:55 [notice] 34#34: gracefully shutting down
2024/07/04 13:04:55 [notice] 38#38: gracefully shutting down
2024/07/04 13:04:55 [notice] 35#35: exiting
2024/07/04 13:04:55 [notice] 31#31: exiting
2024/07/04 13:04:55 [notice] 32#32: exiting
2024/07/04 13:04:55 [notice] 33#33: exit
2024/07/04 13:04:55 [notice] 36#36: exiting
2024/07/04 13:04:55 [notice] 37#37: exiting
2024/07/04 13:04:55 [notice] 35#35: exit
2024/07/04 13:04:55 [notice] 31#31: exit
2024/07/04 13:04:55 [notice] 34#34: exiting
2024/07/04 13:04:55 [notice] 32#32: exit
2024/07/04 13:04:55 [notice] 38#38: exiting
2024/07/04 13:04:55 [notice] 36#36: exit
2024/07/04 13:04:55 [notice] 37#37: exit
2024/07/04 13:04:55 [notice] 34#34: exit
2024/07/04 13:04:55 [notice] 38#38: exit
2024/07/04 13:04:55 [notice] 1#1: signal 17 (SIGCHLD) received from 35
2024/07/04 13:04:55 [notice] 1#1: worker process 32 exited with code 0
2024/07/04 13:04:55 [notice] 1#1: worker process 33 exited with code 0
2024/07/04 13:04:55 [notice] 1#1: worker process 35 exited with code 0
2024/07/04 13:04:55 [notice] 1#1: worker process 36 exited with code 0
2024/07/04 13:04:55 [notice] 1#1: worker process 38 exited with code 0
2024/07/04 13:04:55 [notice] 1#1: signal 29 (SIGIO) received
2024/07/04 13:04:55 [notice] 1#1: signal 17 (SIGCHLD) received from 32
2024/07/04 13:04:55 [notice] 1#1: signal 17 (SIGCHLD) received from 31
2024/07/04 13:04:55 [notice] 1#1: worker process 31 exited with code 0
2024/07/04 13:04:55 [notice] 1#1: worker process 34 exited with code 0
2024/07/04 13:04:55 [notice] 1#1: worker process 37 exited with code 0
2024/07/04 13:04:55 [notice] 1#1: exit
